<?xml version="1.0" encoding="UTF-8"?>
<!-- Generated by org.testng.reporters.JUnitXMLReporter -->
<testsuite ignored="0" hostname="VickieJay-18" failures="0" tests="5" name="Default test" time="8.969" errors="0" timestamp="17 Aug 2022 14:57:56 GMT">
  <testcase classname="org.testApi.PetStore" name="newPost" time="3.249"/>
  <testcase classname="org.testApi.PetStore" name="verifyPost" time="1.302"/>
  <testcase classname="org.testApi.PetStore" name="verifyByStatus" time="1.205"/>
  <testcase classname="org.testApi.PetStore" name="verifyByStatus" time="1.918"/>
  <testcase classname="org.testApi.PetStore" name="verifyByStatus" time="1.25"/>
</testsuite> <!-- Default test -->
